d:\dev\cpp_math_lib\debug\cpp_math_lib.pch
d:\dev\cpp_math_lib\debug\vc120.pdb
d:\dev\cpp_math_lib\debug\stdafx.obj
d:\dev\cpp_math_lib\debug\cpp_math_lib.obj
d:\dev\cpp_math_lib\debug\assemblyinfo.obj
d:\dev\cpp_math_lib\debug\.netframework,version=v4.5.assemblyattributes.obj
d:\dev\cpp_all\debug\cpp_math_lib.dll
d:\dev\cpp_all\debug\cpp_math_lib.pdb
d:\dev\cpp_math_lib\debug\app.res
d:\dev\cpp_math_lib\debug\cpp_math_lib.vcxprojresolveassemblyreference.cache
d:\dev\cpp_math_lib\debug\cpp_math_lib.tlog\cl.command.1.tlog
d:\dev\cpp_math_lib\debug\cpp_math_lib.tlog\cl.read.1.tlog
d:\dev\cpp_math_lib\debug\cpp_math_lib.tlog\cl.write.1.tlog
d:\dev\cpp_math_lib\debug\cpp_math_lib.tlog\link.command.1.tlog
d:\dev\cpp_math_lib\debug\cpp_math_lib.tlog\link.read.1.tlog
d:\dev\cpp_math_lib\debug\cpp_math_lib.tlog\link.write.1.tlog
d:\dev\cpp_math_lib\debug\cpp_math_lib.tlog\metagen.read.1.tlog
d:\dev\cpp_math_lib\debug\cpp_math_lib.tlog\metagen.write.1.tlog
d:\dev\cpp_math_lib\debug\cpp_math_lib.tlog\rc.command.1.tlog
d:\dev\cpp_math_lib\debug\cpp_math_lib.tlog\rc.read.1.tlog
d:\dev\cpp_math_lib\debug\cpp_math_lib.tlog\rc.write.1.tlog
d:\dev\cpp_math_lib\debug\cpp_math_lib.tlog\tzres.dll.bi
